<?xml version="1.0" encoding="UTF-8"?>
<!-- Generated by org.testng.reporters.JUnitXMLReporter -->
<testsuite ignored="1" hostname="Ranjitha" failures="0" tests="2" name="Car Loan" time="0.083" errors="0" timestamp="2024-03-11T14:17:29 IST">
  <testcase classname="test.Third_test" name="ttc_lg_car_01" time="0.009"/>
  <testcase classname="test.Third_test" name="ttc_lg_car_03" time="0.009"/>
  <testcase classname="test.Third_test" name="ttc_lg_car_02" time="0.0">
    <ignored/>
  </testcase> <!-- ttc_lg_car_02 -->
</testsuite> <!-- Car Loan -->
