<?xml version="1.0" encoding="UTF-8"?>
<!-- Generated by org.testng.reporters.JUnitXMLReporter -->
<testsuite ignored="4" hostname="Ranjitha" failures="0" tests="3" name="DataProvider" time="0.067" errors="0" timestamp="2024-01-11T20:59:04 IST">
  <testcase classname="test.Sixth_test" name="tab_frtc_lg_hom_05" time="0.007"/>
  <testcase classname="test.Sixth_test" name="tab_frtc_lg_hom_05" time="0.002"/>
  <testcase classname="test.Sixth_test" name="tab_frtc_lg_hom_05" time="0.003"/>
  <testcase classname="test.Sixth_test" name="tab_frtc_lg_hom_04" time="0.0">
    <ignored/>
  </testcase> <!-- tab_frtc_lg_hom_04 -->
  <testcase classname="test.Sixth_test" name="web_frtc_lg_hom_02" time="0.0">
    <ignored/>
  </testcase> <!-- web_frtc_lg_hom_02 -->
  <testcase classname="test.Sixth_test" name="web_frtc_lg_hom_01" time="0.0">
    <ignored/>
  </testcase> <!-- web_frtc_lg_hom_01 -->
  <testcase classname="test.Sixth_test" name="mob_frtc_lg_hom_03" time="0.0">
    <ignored/>
  </testcase> <!-- mob_frtc_lg_hom_03 -->
</testsuite> <!-- DataProvider -->
