<?xml version="1.0" encoding="UTF-8"?>
<!-- Generated by org.testng.reporters.JUnitXMLReporter -->
<testsuite ignored="2" hostname="Ranjitha" failures="0" tests="5" name="Home Loan" time="0.037" errors="0" timestamp="2024-03-11T14:17:29 IST">
  <testcase classname="test.Sixth_test" name="mob_frtc_lg_hom_03" time="0.002"/>
  <testcase classname="test.Sixth_test" name="tab_frtc_lg_hom_05" time="0.002"/>
  <testcase classname="test.Sixth_test" name="tab_frtc_lg_hom_05" time="0.002"/>
  <testcase classname="test.Sixth_test" name="tab_frtc_lg_hom_05" time="0.001"/>
  <testcase classname="test.Sixth_test" name="tab_frtc_lg_hom_04" time="0.001"/>
  <testcase classname="test.Sixth_test" name="web_frtc_lg_hom_02" time="0.0">
    <ignored/>
  </testcase> <!-- web_frtc_lg_hom_02 -->
  <testcase classname="test.Sixth_test" name="web_frtc_lg_hom_01" time="0.0">
    <ignored/>
  </testcase> <!-- web_frtc_lg_hom_01 -->
</testsuite> <!-- Home Loan -->
