<?xml version="1.0" encoding="UTF-8"?>
<!-- Generated by org.testng.reporters.JUnitXMLReporter -->
<testsuite ignored="6" hostname="Ranjitha" failures="0" tests="5" name="Regression" time="0.124" errors="0" timestamp="2023-12-26T13:55:03 IST">
  <testcase classname="test.First_test" name="ftc_PL_02" time="0.017"/>
  <testcase classname="test.Second_test" name="stc_PL_01" time="0.002"/>
  <testcase classname="test.Third_test" name="ttc_lg_car_02" time="0.005"/>
  <testcase classname="test.Third_test" name="ttc_lg_car_03" time="0.002"/>
  <testcase classname="test.Sixth_test" name="web_frtc_lg_hom_02" time="0.008"/>
  <testcase classname="test.First_test" name="ftc_PL_01" time="0.0">
    <ignored/>
  </testcase> <!-- ftc_PL_01 -->
  <testcase classname="test.Sixth_test" name="tab_frtc_lg_hom_04" time="0.0">
    <ignored/>
  </testcase> <!-- tab_frtc_lg_hom_04 -->
  <testcase classname="test.Sixth_test" name="tab_frtc_lg_hom_05" time="0.0">
    <ignored/>
  </testcase> <!-- tab_frtc_lg_hom_05 -->
  <testcase classname="test.Sixth_test" name="web_frtc_lg_hom_01" time="0.0">
    <ignored/>
  </testcase> <!-- web_frtc_lg_hom_01 -->
  <testcase classname="test.Sixth_test" name="mob_frtc_lg_hom_03" time="0.0">
    <ignored/>
  </testcase> <!-- mob_frtc_lg_hom_03 -->
  <testcase classname="test.Third_test" name="ttc_lg_car_01" time="0.0">
    <ignored/>
  </testcase> <!-- ttc_lg_car_01 -->
</testsuite> <!-- Regression -->
