<?xml version="1.0" encoding="UTF-8"?>
<testng-results ignored="3" total="13" passed="10" failed="0" skipped="0">
  <reporter-output>
  </reporter-output>
  <suite started-at="2024-03-11T14:17:28 IST" name="Loan Department" finished-at="2024-03-11T14:17:29 IST" duration-ms="265">
    <groups>
      <group name="sanity">
        <method signature="First_test.ftc_PL_02()[pri:0, instance:test.First_test@10d307f1]" name="ftc_PL_02" class="test.First_test"/>
        <method signature="Second_test.stc_PL_01(java.lang.String)[pri:0, instance:test.Second_test@fa49800]" name="stc_PL_01" class="test.Second_test"/>
        <method signature="Third_test.ttc_lg_car_03()[pri:0, instance:test.Third_test@209da20d]" name="ttc_lg_car_03" class="test.Third_test"/>
      </group> <!-- sanity -->
    </groups>
    <test started-at="2024-03-11T14:17:28 IST" name="Car Loan" finished-at="2024-03-11T14:17:29 IST" duration-ms="83">
      <class name="test.Third_test">
        <test-method is-config="true" signature="Before_Method_tt()[pri:0, instance:test.Third_test@209da20d]" started-at="2024-03-11T14:17:28 IST" name="Before_Method_tt" finished-at="2024-03-11T14:17:28 IST" duration-ms="2" status="PASS">
          <reporter-output>
          </reporter-output>
        </test-method> <!-- Before_Method_tt -->
        <test-method signature="ttc_lg_car_01()[pri:0, instance:test.Third_test@209da20d]" started-at="2024-03-11T14:17:28 IST" name="ttc_lg_car_01" finished-at="2024-03-11T14:17:28 IST" duration-ms="9" status="PASS">
          <reporter-output>
          </reporter-output>
        </test-method> <!-- ttc_lg_car_01 -->
        <test-method is-config="true" signature="Before_Method_tt()[pri:0, instance:test.Third_test@209da20d]" started-at="2024-03-11T14:17:28 IST" name="Before_Method_tt" finished-at="2024-03-11T14:17:28 IST" duration-ms="1" status="PASS">
          <reporter-output>
          </reporter-output>
        </test-method> <!-- Before_Method_tt -->
        <test-method signature="ttc_lg_car_03()[pri:0, instance:test.Third_test@209da20d]" started-at="2024-03-11T14:17:28 IST" name="ttc_lg_car_03" finished-at="2024-03-11T14:17:28 IST" duration-ms="9" status="PASS">
          <reporter-output>
          </reporter-output>
        </test-method> <!-- ttc_lg_car_03 -->
      </class> <!-- test.Third_test -->
    </test> <!-- Car Loan -->
    <test started-at="2024-03-11T14:17:28 IST" name="Personal Loan" finished-at="2024-03-11T14:17:29 IST" duration-ms="84">
      <class name="test.Second_test">
        <test-method is-config="true" signature="prerequisite()[pri:0, instance:test.Second_test@fa49800]" started-at="2024-03-11T14:17:28 IST" name="prerequisite" finished-at="2024-03-11T14:17:28 IST" duration-ms="1" status="PASS">
          <reporter-output>
          </reporter-output>
        </test-method> <!-- prerequisite -->
        <test-method signature="stc_PL_01(java.lang.String)[pri:0, instance:test.Second_test@fa49800]" started-at="2024-03-11T14:17:28 IST" name="stc_PL_01" finished-at="2024-03-11T14:17:29 IST" duration-ms="3" status="PASS">
          <params>
            <param index="0">
              <value>
                <![CDATA[mysite_testlvlpara]]>
              </value>
            </param>
          </params>
          <reporter-output>
          </reporter-output>
        </test-method> <!-- stc_PL_01 -->
        <test-method is-config="true" signature="After_Test_st()[pri:0, instance:test.Second_test@fa49800]" started-at="2024-03-11T14:17:29 IST" name="After_Test_st" finished-at="2024-03-11T14:17:29 IST" duration-ms="0" status="PASS">
          <reporter-output>
          </reporter-output>
        </test-method> <!-- After_Test_st -->
      </class> <!-- test.Second_test -->
      <class name="test.First_test">
        <test-method is-config="true" signature="Before_class_tt()[pri:0, instance:test.First_test@10d307f1]" started-at="2024-03-11T14:17:28 IST" name="Before_class_tt" finished-at="2024-03-11T14:17:28 IST" duration-ms="1" status="PASS">
          <reporter-output>
          </reporter-output>
        </test-method> <!-- Before_class_tt -->
        <test-method signature="ftc_PL_01(java.lang.String,java.lang.String)[pri:0, instance:test.First_test@10d307f1]" started-at="2024-03-11T14:17:28 IST" name="ftc_PL_01" finished-at="2024-03-11T14:17:28 IST" duration-ms="10" status="PASS">
          <params>
            <param index="0">
              <value>
                <![CDATA[mysite]]>
              </value>
            </param>
            <param index="1">
              <value>
                <![CDATA[API]]>
              </value>
            </param>
          </params>
          <reporter-output>
          </reporter-output>
        </test-method> <!-- ftc_PL_01 -->
        <test-method is-config="true" signature="After_Method_tt()[pri:0, instance:test.First_test@10d307f1]" started-at="2024-03-11T14:17:28 IST" name="After_Method_tt" finished-at="2024-03-11T14:17:28 IST" duration-ms="1" status="PASS">
          <reporter-output>
          </reporter-output>
        </test-method> <!-- After_Method_tt -->
        <test-method signature="ftc_PL_02()[pri:0, instance:test.First_test@10d307f1]" started-at="2024-03-11T14:17:28 IST" name="ftc_PL_02" finished-at="2024-03-11T14:17:28 IST" duration-ms="2" status="PASS">
          <reporter-output>
          </reporter-output>
        </test-method> <!-- ftc_PL_02 -->
        <test-method is-config="true" signature="After_Method_tt()[pri:0, instance:test.First_test@10d307f1]" started-at="2024-03-11T14:17:28 IST" name="After_Method_tt" finished-at="2024-03-11T14:17:28 IST" duration-ms="1" status="PASS">
          <reporter-output>
          </reporter-output>
        </test-method> <!-- After_Method_tt -->
      </class> <!-- test.First_test -->
    </test> <!-- Personal Loan -->
    <test started-at="2024-03-11T14:17:29 IST" name="Home Loan" finished-at="2024-03-11T14:17:29 IST" duration-ms="37">
      <class name="test.Second_test">
        <test-method is-config="true" signature="After_Suite()[pri:0, instance:test.Second_test@fa49800]" started-at="2024-03-11T14:17:29 IST" name="After_Suite" finished-at="2024-03-11T14:17:29 IST" duration-ms="1" status="PASS">
          <reporter-output>
          </reporter-output>
        </test-method> <!-- After_Suite -->
      </class> <!-- test.Second_test -->
      <class name="test.Sixth_test">
        <test-method is-config="true" signature="Before_Suite()[pri:0, instance:test.Sixth_test@12aba8be]" started-at="2024-03-11T14:17:28 IST" name="Before_Suite" finished-at="2024-03-11T14:17:28 IST" duration-ms="15" status="PASS">
          <reporter-output>
          </reporter-output>
        </test-method> <!-- Before_Suite -->
        <test-method is-config="true" signature="before_test_s()[pri:0, instance:test.Sixth_test@12aba8be]" started-at="2024-03-11T14:17:29 IST" name="before_test_s" finished-at="2024-03-11T14:17:29 IST" duration-ms="0" status="PASS">
          <reporter-output>
          </reporter-output>
        </test-method> <!-- before_test_s -->
        <test-method signature="mob_frtc_lg_hom_03()[pri:0, instance:test.Sixth_test@12aba8be]" started-at="2024-03-11T14:17:29 IST" name="mob_frtc_lg_hom_03" finished-at="2024-03-11T14:17:29 IST" duration-ms="2" status="PASS">
          <reporter-output>
          </reporter-output>
        </test-method> <!-- mob_frtc_lg_hom_03 -->
        <test-method signature="tab_frtc_lg_hom_05(java.lang.String,java.lang.String)[pri:0, instance:test.Sixth_test@12aba8be]" started-at="2024-03-11T14:17:29 IST" name="tab_frtc_lg_hom_05" data-provider="Data_provider_getData" finished-at="2024-03-11T14:17:29 IST" duration-ms="2" status="PASS">
          <params>
            <param index="0">
              <value>
                <![CDATA[Fuser]]>
              </value>
            </param>
            <param index="1">
              <value>
                <![CDATA[Fpassword]]>
              </value>
            </param>
          </params>
          <reporter-output>
          </reporter-output>
        </test-method> <!-- tab_frtc_lg_hom_05 -->
        <test-method signature="tab_frtc_lg_hom_05(java.lang.String,java.lang.String)[pri:0, instance:test.Sixth_test@12aba8be]" started-at="2024-03-11T14:17:29 IST" name="tab_frtc_lg_hom_05" data-provider="Data_provider_getData" finished-at="2024-03-11T14:17:29 IST" duration-ms="2" status="PASS">
          <params>
            <param index="0">
              <value>
                <![CDATA[Suser]]>
              </value>
            </param>
            <param index="1">
              <value>
                <![CDATA[Spassword]]>
              </value>
            </param>
          </params>
          <reporter-output>
          </reporter-output>
        </test-method> <!-- tab_frtc_lg_hom_05 -->
        <test-method signature="tab_frtc_lg_hom_05(java.lang.String,java.lang.String)[pri:0, instance:test.Sixth_test@12aba8be]" started-at="2024-03-11T14:17:29 IST" name="tab_frtc_lg_hom_05" data-provider="Data_provider_getData" finished-at="2024-03-11T14:17:29 IST" duration-ms="1" status="PASS">
          <params>
            <param index="0">
              <value>
                <![CDATA[Tuser]]>
              </value>
            </param>
            <param index="1">
              <value>
                <![CDATA[Tpassword]]>
              </value>
            </param>
          </params>
          <reporter-output>
          </reporter-output>
        </test-method> <!-- tab_frtc_lg_hom_05 -->
        <test-method signature="tab_frtc_lg_hom_04()[pri:0, instance:test.Sixth_test@12aba8be]" started-at="2024-03-11T14:17:29 IST" name="tab_frtc_lg_hom_04" finished-at="2024-03-11T14:17:29 IST" depends-on-methods="test.Sixth_test.mob_frtc_lg_hom_03" duration-ms="1" status="PASS">
          <reporter-output>
          </reporter-output>
        </test-method> <!-- tab_frtc_lg_hom_04 -->
      </class> <!-- test.Sixth_test -->
    </test> <!-- Home Loan -->
  </suite> <!-- Loan Department -->
</testng-results>
